[debug] [2019-11-18T22:53:06.813Z] ----------------------------------------------------------------------
[debug] [2019-11-18T22:53:06.816Z] Command:       C:\Program Files\nodejs\node.exe C:\Users\Invitado_tas\AppData\Roaming\npm\node_modules\firebase-tools\lib\bin\firebase.js serve
[debug] [2019-11-18T22:53:06.816Z] CLI Version:   7.7.0
[debug] [2019-11-18T22:53:06.816Z] Platform:      win32
[debug] [2019-11-18T22:53:06.817Z] Node Version:  v12.13.0
[debug] [2019-11-18T22:53:06.818Z] Time:          Mon Nov 18 2019 17:53:06 GMT-0500 (GMT-05:00)
[debug] [2019-11-18T22:53:06.818Z] ----------------------------------------------------------------------
[debug] [2019-11-18T22:53:06.818Z] 
[debug] [2019-11-18T22:53:06.827Z] > command requires scopes: ["email","openid","https://www.googleapis.com/auth/cloudplatformprojects.readonly","https://www.googleapis.com/auth/firebase","https://www.googleapis.com/auth/cloud-platform"]
[debug] [2019-11-18T22:53:06.828Z] > authorizing via signed-in user
[debug] [2019-11-18T22:53:06.829Z] [iam] checking project quierojugar-f37af for permissions ["firebase.projects.get"]
[debug] [2019-11-18T22:53:06.831Z] >>> HTTP REQUEST POST https://cloudresourcemanager.googleapis.com/v1/projects/quierojugar-f37af:testIamPermissions  

[debug] [2019-11-18T22:53:07.564Z] <<< HTTP RESPONSE 200
[debug] [2019-11-18T22:53:07.571Z] >>> HTTP REQUEST GET https://firebase.googleapis.com/v1beta1/projects/quierojugar-f37af  
 
[debug] [2019-11-18T22:53:08.001Z] <<< HTTP RESPONSE 200
[info] 
[info] === Serving from 'C:\Users\Invitado_tas\Documents\Edwin_Serna\QuieroJugar'...
[info] 
[debug] [2019-11-18T22:53:08.023Z] >>> HTTP REQUEST GET https://firebase.googleapis.com/v1beta1/projects/quierojugar-f37af/webApps/-/config  
 
[debug] [2019-11-18T22:53:08.467Z] <<< HTTP RESPONSE 200
[info] i  hosting: Serving hosting files from: QuieroJugar
[info] +  hosting: Local server: http://localhost:5000
